133  [main] INFO  log.Log - Hello, world!
434  [main] INFO  log.Log - Открыт канал на порте 7182
14937 [main] INFO  log.Log - Соединен с клиентом по адресу /127.0.0.1:49786
14944 [main] INFO  log.Log - Десериализация запроса
14949 [main] INFO  log.Log - Получен запрос
14949 [main] INFO  log.Log - Обработка запроса
14949 [main] INFO  log.Log - Клиент спрашивает, нужен ли объект коллекции для обработки этой команды
14949 [main] INFO  log.Log - Формирование запроса с отрицательным ответом
14949 [main] INFO  log.Log - Отправка запроса
14949 [main] INFO  log.Log - Сериализация ответа
14951 [main] INFO  log.Log - Запрос отправлен
14951 [main] INFO  log.Log - Request{commandName='show', studygroup=null}
14952 [main] INFO  log.Log - Открыт канал на порте 7182
14985 [main] INFO  log.Log - Соединен с клиентом по адресу /127.0.0.1:49789
14986 [main] INFO  log.Log - Десериализация запроса
14986 [main] INFO  log.Log - Получен запрос
14986 [main] INFO  log.Log - Обработка запроса
14986 [main] INFO  log.Log - Попытка обработать команду show
14993 [main] INFO  log.Log - Отправка запроса
14993 [main] INFO  log.Log - Сериализация ответа
14994 [main] INFO  log.Log - Запрос отправлен
14994 [main] INFO  log.Log - Request{commandName='show', studygroup=null}
14994 [main] INFO  log.Log - Открыт канал на порте 7182
23920 [main] INFO  log.Log - Соединен с клиентом по адресу /127.0.0.1:49802
23920 [main] INFO  log.Log - Десериализация запроса
23921 [main] INFO  log.Log - Получен запрос
23921 [main] INFO  log.Log - Обработка запроса
23921 [main] INFO  log.Log - Клиент спрашивает, нужен ли объект коллекции для обработки этой команды
23921 [main] INFO  log.Log - Формирование запроса с отрицательным ответом
23921 [main] INFO  log.Log - Отправка запроса
23921 [main] INFO  log.Log - Сериализация ответа
23921 [main] INFO  log.Log - Запрос отправлен
23921 [main] INFO  log.Log - Request{commandName='help', studygroup=null}
23921 [main] INFO  log.Log - Открыт канал на порте 7182
24423 [main] INFO  log.Log - Соединен с клиентом по адресу /127.0.0.1:49803
24423 [main] INFO  log.Log - Десериализация запроса
24424 [main] INFO  log.Log - Получен запрос
24424 [main] INFO  log.Log - Обработка запроса
24424 [main] INFO  log.Log - Попытка обработать команду help
24424 [main] INFO  log.Log - Отправка запроса
24424 [main] INFO  log.Log - Сериализация ответа
24424 [main] INFO  log.Log - Запрос отправлен
24424 [main] INFO  log.Log - Request{commandName='help', studygroup=null}
24425 [main] INFO  log.Log - Открыт канал на порте 7182
88952 [main] INFO  log.Log - Соединен с клиентом по адресу /127.0.0.1:49884
88952 [main] INFO  log.Log - Десериализация запроса
88952 [main] INFO  log.Log - Получен запрос
88952 [main] INFO  log.Log - Обработка запроса
88952 [main] INFO  log.Log - Клиент спрашивает, нужен ли объект коллекции для обработки этой команды
88952 [main] INFO  log.Log - Формирование запроса с отрицательным ответом
88952 [main] INFO  log.Log - Отправка запроса
88952 [main] INFO  log.Log - Сериализация ответа
88952 [main] INFO  log.Log - Запрос отправлен
88952 [main] INFO  log.Log - Request{commandName='help', studygroup=null}
88953 [main] INFO  log.Log - Открыт канал на порте 7182
89454 [main] INFO  log.Log - Соединен с клиентом по адресу /127.0.0.1:49885
89454 [main] INFO  log.Log - Десериализация запроса
89454 [main] INFO  log.Log - Получен запрос
89454 [main] INFO  log.Log - Обработка запроса
89454 [main] INFO  log.Log - Попытка обработать команду help
89454 [main] INFO  log.Log - Отправка запроса
89454 [main] INFO  log.Log - Сериализация ответа
89455 [main] INFO  log.Log - Запрос отправлен
89455 [main] INFO  log.Log - Request{commandName='help', studygroup=null}
89455 [main] INFO  log.Log - Открыт канал на порте 7182
114  [main] INFO  log.Log - Hello, world!
386  [main] INFO  log.Log - Открыт канал на порте 7182
12264 [main] INFO  log.Log - Соединен с клиентом по адресу /127.0.0.1:49939
12271 [main] INFO  log.Log - Десериализация запроса
12276 [main] INFO  log.Log - Получен запрос
12276 [main] INFO  log.Log - Обработка запроса
12276 [main] INFO  log.Log - Клиент спрашивает, нужен ли объект коллекции для обработки этой команды
12276 [main] INFO  log.Log - Формирование запроса с отрицательным ответом
12276 [main] INFO  log.Log - Отправка запроса
12276 [main] INFO  log.Log - Сериализация ответа
12277 [main] INFO  log.Log - Запрос отправлен
12278 [main] INFO  log.Log - Request{commandName='help', studygroup=null}
12278 [main] INFO  log.Log - Открыт канал на порте 7182
12311 [main] INFO  log.Log - Соединен с клиентом по адресу /127.0.0.1:49942
12311 [main] INFO  log.Log - Десериализация запроса
12311 [main] INFO  log.Log - Получен запрос
12311 [main] INFO  log.Log - Обработка запроса
12311 [main] INFO  log.Log - Попытка обработать команду help
12311 [main] INFO  log.Log - Отправка запроса
12312 [main] INFO  log.Log - Сериализация ответа
12312 [main] INFO  log.Log - Запрос отправлен
12312 [main] INFO  log.Log - Request{commandName='help', studygroup=null}
12313 [main] INFO  log.Log - Открыт канал на порте 7182
120  [main] INFO  log.Log - Hello, world!
394  [main] INFO  log.Log - Открыт канал на порте 7182
88394 [main] INFO  log.Log - Соединен с клиентом по адресу /127.0.0.1:50234
88401 [main] INFO  log.Log - Десериализация запроса
88406 [main] INFO  log.Log - Получен запрос
88406 [main] INFO  log.Log - Обработка запроса
88406 [main] INFO  log.Log - Клиент спрашивает, нужен ли объект коллекции для обработки этой команды
88406 [main] INFO  log.Log - Формирование запроса с отрицательным ответом
88406 [main] INFO  log.Log - Отправка запроса
88406 [main] INFO  log.Log - Сериализация ответа
88408 [main] INFO  log.Log - Запрос отправлен
88408 [main] INFO  log.Log - Request{commandName='help', studygroup=null}
88409 [main] INFO  log.Log - Открыт канал на порте 7182
88443 [main] INFO  log.Log - Соединен с клиентом по адресу /127.0.0.1:50237
88443 [main] INFO  log.Log - Десериализация запроса
88443 [main] INFO  log.Log - Получен запрос
88443 [main] INFO  log.Log - Обработка запроса
88443 [main] INFO  log.Log - Попытка обработать команду help
88443 [main] INFO  log.Log - Отправка запроса
88443 [main] INFO  log.Log - Сериализация ответа
88444 [main] INFO  log.Log - Запрос отправлен
88444 [main] INFO  log.Log - Request{commandName='help', studygroup=null}
88445 [main] INFO  log.Log - Открыт канал на порте 7182
118  [main] INFO  log.Log - Hello, world!
388  [main] INFO  log.Log - Открыт канал на порте 7182
14098 [main] INFO  log.Log - Соединен с клиентом по адресу /127.0.0.1:50382
14105 [main] INFO  log.Log - Десериализация запроса
14110 [main] INFO  log.Log - Получен запрос
14110 [main] INFO  log.Log - Обработка запроса
14110 [main] INFO  log.Log - Клиент спрашивает, нужен ли объект коллекции для обработки этой команды
14110 [main] INFO  log.Log - Формирование запроса с отрицательным ответом
14110 [main] INFO  log.Log - Отправка запроса
14110 [main] INFO  log.Log - Сериализация ответа
14111 [main] INFO  log.Log - Запрос отправлен
14112 [main] INFO  log.Log - Request{commandName='help', studygroup=null}
14112 [main] INFO  log.Log - Открыт канал на порте 7182
14145 [main] INFO  log.Log - Соединен с клиентом по адресу /127.0.0.1:50385
14145 [main] INFO  log.Log - Десериализация запроса
14145 [main] INFO  log.Log - Получен запрос
14145 [main] INFO  log.Log - Обработка запроса
14145 [main] INFO  log.Log - Попытка обработать команду help
14145 [main] INFO  log.Log - Отправка запроса
14145 [main] INFO  log.Log - Сериализация ответа
14145 [main] INFO  log.Log - Запрос отправлен
14146 [main] INFO  log.Log - Request{commandName='help', studygroup=null}
14146 [main] INFO  log.Log - Открыт канал на порте 7182
